#
# There is insufficient memory for the Java Runtime Environment to continue.
# Native memory allocation (malloc) failed to allocate 1054096 bytes for Chunk::new
# Possible reasons:
#   The system is out of physical RAM or swap space
#   The process is running with CompressedOops enabled, and the Java Heap may be blocking the growth of the native heap
# Possible solutions:
#   Reduce memory load on the system
#   Increase physical memory or swap space
#   Check if swap backing store is full
#   Decrease Java heap size (-Xmx/-Xms)
#   Decrease number of Java threads
#   Decrease Java thread stack sizes (-Xss)
#   Set larger code cache with -XX:ReservedCodeCacheSize=
#   JVM is running with Unscaled Compressed Oops mode in which the Java heap is
#     placed in the first 4GB address space. The Java Heap base address is the
#     maximum limit for the native heap growth. Please use -XX:HeapBaseMinAddress
#     to set the Java Heap base and to place the Java Heap above 4GB virtual address.
# This output file may be truncated or incomplete.
#
#  Out of Memory Error (allocation.cpp:389), pid=133536, tid=0x00000000000268c4
#
# JRE version: OpenJDK Runtime Environment (8.0_242-b01) (build 1.8.0_242-release-1644-b01)
# Java VM: OpenJDK 64-Bit Server VM (25.242-b01 mixed mode windows-amd64 compressed oops)
# Failed to write core dump. Minidumps are not enabled by default on client versions of Windows
#

---------------  T H R E A D  ---------------

Current thread (0x0000000019a9d000):  JavaThread "C2 CompilerThread1" daemon [_thread_in_native, id=157892, stack(0x000000001b1f0000,0x000000001b2f0000)]

Stack: [0x000000001b1f0000,0x000000001b2f0000]
[error occurred during error reporting (printing stack bounds), id 0xc0000005]

Native frames: (J=compiled Java code, j=interpreted, Vv=VM code, C=native code)


Current CompileTask:
C2:  27653 10108       4       org.objectweb.asm.ClassReader::readCode (5089 bytes)


---------------  P R O C E S S  ---------------

Java Threads: ( => current thread )
  0x0000000022799000 JavaThread "Cache worker for execution history cache (D:\AndroidStudioProjects\DesafioYourDev\.gradle\6.5\executionHistory)" [_thread_blocked, id=156520, stack(0x0000000032b80000,0x0000000032c80000)]
  0x000000001fe91800 JavaThread "Memory manager" [_thread_blocked, id=142532, stack(0x0000000030260000,0x0000000030360000)]
  0x000000001fe97000 JavaThread "pool-1-thread-1" [_thread_blocked, id=155204, stack(0x000000002e260000,0x000000002e360000)]
  0x000000001fe96000 JavaThread "jar transforms Thread 119" [_thread_blocked, id=139880, stack(0x000000002dc60000,0x000000002dd60000)]
  0x000000001fe8e800 JavaThread "jar transforms Thread 118" [_thread_blocked, id=132616, stack(0x000000002db60000,0x000000002dc60000)]
  0x000000001fe8f800 JavaThread "jar transforms Thread 117" [_thread_blocked, id=158180, stack(0x000000002da60000,0x000000002db60000)]
  0x000000001fe95800 JavaThread "jar transforms Thread 116" [_thread_blocked, id=136276, stack(0x000000002d960000,0x000000002da60000)]
  0x000000001fe91000 JavaThread "jar transforms Thread 115" [_thread_blocked, id=158580, stack(0x000000002d860000,0x000000002d960000)]
  0x000000001fe93000 JavaThread "jar transforms Thread 114" [_thread_blocked, id=146180, stack(0x000000002d760000,0x000000002d860000)]
  0x000000001fe94800 JavaThread "jar transforms Thread 113" [_thread_blocked, id=146080, stack(0x000000002d660000,0x000000002d760000)]
  0x000000001fe94000 JavaThread "jar transforms Thread 112" [_thread_blocked, id=147948, stack(0x000000002d560000,0x000000002d660000)]
  0x000000001fe8e000 JavaThread "jar transforms Thread 111" [_thread_blocked, id=95192, stack(0x000000002d460000,0x000000002d560000)]
  0x000000002288f000 JavaThread "jar transforms Thread 110" [_thread_blocked, id=96148, stack(0x000000002d360000,0x000000002d460000)]
  0x000000002288e800 JavaThread "jar transforms Thread 109" [_thread_blocked, id=133052, stack(0x000000002d260000,0x000000002d360000)]
  0x0000000022895800 JavaThread "jar transforms Thread 108" [_thread_blocked, id=138744, stack(0x000000002d160000,0x000000002d260000)]
  0x0000000022892800 JavaThread "jar transforms Thread 107" [_thread_blocked, id=29844, stack(0x000000002d060000,0x000000002d160000)]
  0x0000000022893000 JavaThread "jar transforms Thread 106" [_thread_blocked, id=132228, stack(0x000000002cf60000,0x000000002d060000)]
  0x0000000022890000 JavaThread "jar transforms Thread 105" [_thread_blocked, id=150048, stack(0x000000002ce60000,0x000000002cf60000)]
  0x0000000022894000 JavaThread "jar transforms Thread 104" [_thread_blocked, id=152820, stack(0x000000002cd60000,0x000000002ce60000)]
  0x0000000022894800 JavaThread "jar transforms Thread 103" [_thread_blocked, id=78948, stack(0x000000002cc60000,0x000000002cd60000)]
  0x0000000022891800 JavaThread "jar transforms Thread 102" [_thread_blocked, id=156240, stack(0x000000002cb60000,0x000000002cc60000)]
  0x0000000022890800 JavaThread "jar transforms Thread 101" [_thread_blocked, id=122096, stack(0x000000002ca60000,0x000000002cb60000)]
  0x0000000022887000 JavaThread "jar transforms Thread 100" [_thread_blocked, id=118148, stack(0x000000002c960000,0x000000002ca60000)]
  0x000000002288d800 JavaThread "jar transforms Thread 99" [_thread_blocked, id=157496, stack(0x000000002c860000,0x000000002c960000)]
  0x000000002288a000 JavaThread "jar transforms Thread 98" [_thread_blocked, id=158880, stack(0x000000002c760000,0x000000002c860000)]
  0x0000000022886000 JavaThread "jar transforms Thread 97" [_thread_blocked, id=153008, stack(0x000000002c660000,0x000000002c760000)]
  0x000000002288c000 JavaThread "jar transforms Thread 96" [_thread_blocked, id=150192, stack(0x000000002c560000,0x000000002c660000)]
  0x0000000022889000 JavaThread "jar transforms Thread 95" [_thread_blocked, id=149748, stack(0x000000002c460000,0x000000002c560000)]
  0x000000002288b800 JavaThread "jar transforms Thread 94" [_thread_blocked, id=159148, stack(0x000000002c360000,0x000000002c460000)]
  0x000000002288a800 JavaThread "jar transforms Thread 93" [_thread_blocked, id=154020, stack(0x000000002c260000,0x000000002c360000)]
  0x0000000022887800 JavaThread "jar transforms Thread 92" [_thread_blocked, id=159000, stack(0x000000002c160000,0x000000002c260000)]
  0x0000000022888800 JavaThread "jar transforms Thread 91" [_thread_blocked, id=158868, stack(0x000000002c060000,0x000000002c160000)]
  0x000000002288d000 JavaThread "jar transforms Thread 90" [_thread_blocked, id=157236, stack(0x000000002bf60000,0x000000002c060000)]
  0x00000000228ff800 JavaThread "jar transforms Thread 89" [_thread_blocked, id=119164, stack(0x000000002be60000,0x000000002bf60000)]
  0x00000000228fe000 JavaThread "jar transforms Thread 88" [_thread_blocked, id=155240, stack(0x000000002bd60000,0x000000002be60000)]
  0x00000000228fd800 JavaThread "jar transforms Thread 87" [_thread_blocked, id=159684, stack(0x000000002bc60000,0x000000002bd60000)]
  0x00000000228fc800 JavaThread "jar transforms Thread 86" [_thread_blocked, id=133592, stack(0x000000002bb60000,0x000000002bc60000)]
  0x00000000228ff000 JavaThread "jar transforms Thread 85" [_thread_blocked, id=152392, stack(0x000000002ba60000,0x000000002bb60000)]
  0x0000000022902800 JavaThread "jar transforms Thread 84" [_thread_blocked, id=94584, stack(0x000000002b960000,0x000000002ba60000)]
  0x0000000022902000 JavaThread "jar transforms Thread 83" [_thread_blocked, id=148716, stack(0x000000002b860000,0x000000002b960000)]
  0x0000000022900800 JavaThread "jar transforms Thread 82" [_thread_blocked, id=155196, stack(0x000000002b760000,0x000000002b860000)]
  0x0000000022901000 JavaThread "jar transforms Thread 81" [_thread_blocked, id=147368, stack(0x000000002b660000,0x000000002b760000)]
  0x00000000228f5000 JavaThread "jar transforms Thread 80" [_thread_blocked, id=144412, stack(0x000000002b560000,0x000000002b660000)]
  0x00000000228fc000 JavaThread "jar transforms Thread 79" [_thread_blocked, id=150168, stack(0x000000002b460000,0x000000002b560000)]
  0x00000000228fb000 JavaThread "jar transforms Thread 78" [_thread_blocked, id=155032, stack(0x000000002b360000,0x000000002b460000)]
  0x00000000228fa800 JavaThread "jar transforms Thread 77" [_thread_blocked, id=153248, stack(0x000000002b260000,0x000000002b360000)]
  0x00000000228f9800 JavaThread "jar transforms Thread 76" [_thread_blocked, id=132380, stack(0x000000002b160000,0x000000002b260000)]
  0x00000000228f4800 JavaThread "jar transforms Thread 75" [_thread_blocked, id=158124, stack(0x000000002b060000,0x000000002b160000)]
  0x00000000228f3800 JavaThread "jar transforms Thread 74" [_thread_blocked, id=150928, stack(0x000000002af60000,0x000000002b060000)]
  0x00000000228f8000 JavaThread "jar transforms Thread 73" [_thread_blocked, id=137984, stack(0x000000002ae60000,0x000000002af60000)]
  0x00000000228f7800 JavaThread "jar transforms Thread 72" [_thread_blocked, id=157632, stack(0x000000002ad60000,0x000000002ae60000)]
  0x00000000228f6800 JavaThread "jar transforms Thread 71" [_thread_blocked, id=159500, stack(0x000000002ac60000,0x000000002ad60000)]
  0x00000000228f9000 JavaThread "jar transforms Thread 70" [_thread_blocked, id=140956, stack(0x000000002ab60000,0x000000002ac60000)]
  0x00000000228f6000 JavaThread "jar transforms Thread 69" [_thread_blocked, id=138432, stack(0x000000002aa60000,0x000000002ab60000)]
  0x000000002095a000 JavaThread "jar transforms Thread 68" [_thread_blocked, id=110504, stack(0x000000002a960000,0x000000002aa60000)]
  0x0000000020959000 JavaThread "jar transforms Thread 67" [_thread_blocked, id=132580, stack(0x000000002a860000,0x000000002a960000)]
  0x0000000020957000 JavaThread "jar transforms Thread 66" [_thread_blocked, id=142760, stack(0x000000002a760000,0x000000002a860000)]
  0x0000000020956000 JavaThread "jar transforms Thread 65" [_thread_blocked, id=153460, stack(0x000000002a660000,0x000000002a760000)]
  0x0000000020958800 JavaThread "jar transforms Thread 64" [_thread_blocked, id=45512, stack(0x000000002a560000,0x000000002a660000)]
  0x0000000020955800 JavaThread "jar transforms Thread 63" [_thread_blocked, id=138416, stack(0x000000002a460000,0x000000002a560000)]
  0x000000002095b800 JavaThread "jar transforms Thread 62" [_thread_blocked, id=134916, stack(0x000000002a360000,0x000000002a460000)]
  0x0000000020957800 JavaThread "jar transforms Thread 61" [_thread_blocked, id=158444, stack(0x000000002a260000,0x000000002a360000)]
  0x000000002095b000 JavaThread "jar transforms Thread 60" [_thread_blocked, id=142320, stack(0x000000002a160000,0x000000002a260000)]
  0x000000002094e000 JavaThread "jar transforms Thread 59" [_thread_blocked, id=157876, stack(0x000000002a060000,0x000000002a160000)]
  0x0000000020954800 JavaThread "jar transforms Thread 58" [_thread_blocked, id=48544, stack(0x0000000029f60000,0x000000002a060000)]
  0x000000002094d000 JavaThread "jar transforms Thread 57" [_thread_blocked, id=152712, stack(0x0000000029e60000,0x0000000029f60000)]
  0x0000000020954000 JavaThread "jar transforms Thread 56" [_thread_blocked, id=144616, stack(0x0000000029d60000,0x0000000029e60000)]
  0x0000000020953000 JavaThread "jar transforms Thread 55" [_thread_blocked, id=142860, stack(0x0000000029c60000,0x0000000029d60000)]
  0x0000000020951800 JavaThread "jar transforms Thread 54" [_thread_blocked, id=154124, stack(0x0000000029b60000,0x0000000029c60000)]
  0x0000000020951000 JavaThread "jar transforms Thread 53" [_thread_blocked, id=146900, stack(0x0000000029a60000,0x0000000029b60000)]
  0x0000000020952800 JavaThread "jar transforms Thread 52" [_thread_blocked, id=68420, stack(0x0000000029960000,0x0000000029a60000)]
  0x0000000020950000 JavaThread "jar transforms Thread 51" [_thread_blocked, id=155976, stack(0x0000000029860000,0x0000000029960000)]
  0x000000002094f800 JavaThread "jar transforms Thread 50" [_thread_blocked, id=157292, stack(0x0000000029760000,0x0000000029860000)]
  0x000000002094c800 JavaThread "jar transforms Thread 49" [_thread_blocked, id=142008, stack(0x0000000027300000,0x0000000027400000)]
  0x000000002094e800 JavaThread "jar transforms Thread 48" [_thread_blocked, id=159392, stack(0x0000000027200000,0x0000000027300000)]
  0x000000002602e800 JavaThread "jar transforms Thread 47" [_thread_blocked, id=159040, stack(0x0000000027100000,0x0000000027200000)]
  0x000000002602e000 JavaThread "jar transforms Thread 46" [_thread_blocked, id=151764, stack(0x0000000027000000,0x0000000027100000)]
  0x0000000026034000 JavaThread "jar transforms Thread 45" [_thread_blocked, id=145648, stack(0x0000000029660000,0x0000000029760000)]
  0x0000000026033000 JavaThread "jar transforms Thread 44" [_thread_blocked, id=136832, stack(0x0000000029560000,0x0000000029660000)]
  0x000000002602f800 JavaThread "jar transforms Thread 43" [_thread_blocked, id=140688, stack(0x0000000029460000,0x0000000029560000)]
  0x0000000026032800 JavaThread "jar transforms Thread 42" [_thread_blocked, id=157032, stack(0x0000000029360000,0x0000000029460000)]
  0x0000000026031800 JavaThread "jar transforms Thread 41" [_thread_blocked, id=133724, stack(0x0000000029260000,0x0000000029360000)]
  0x0000000026031000 JavaThread "jar transforms Thread 40" [_thread_blocked, id=156548, stack(0x0000000027690000,0x0000000027790000)]
  0x0000000026030000 JavaThread "jar transforms Thread 39" [_thread_blocked, id=146408, stack(0x0000000027590000,0x0000000027690000)]
  0x0000000026026800 JavaThread "jar transforms Thread 38" [_thread_blocked, id=150260, stack(0x0000000026a50000,0x0000000026b50000)]
  0x000000002602d000 JavaThread "jar transforms Thread 37" [_thread_blocked, id=159480, stack(0x0000000026950000,0x0000000026a50000)]
  0x000000002602c800 JavaThread "jar transforms Thread 36" [_thread_blocked, id=134980, stack(0x0000000027490000,0x0000000027590000)]
  0x000000002602b800 JavaThread "jar transforms Thread 35" [_thread_blocked, id=158248, stack(0x0000000029160000,0x0000000029260000)]
  0x000000002602b000 JavaThread "jar transforms Thread 34" [_thread_blocked, id=120300, stack(0x0000000029060000,0x0000000029160000)]
  0x0000000026025800 JavaThread "jar transforms Thread 33" [_thread_blocked, id=146236, stack(0x0000000028f60000,0x0000000029060000)]
  0x0000000026029800 JavaThread "jar transforms Thread 32" [_thread_blocked, id=159708, stack(0x0000000028e60000,0x0000000028f60000)]
  0x0000000026025000 JavaThread "jar transforms Thread 31" [_thread_blocked, id=137516, stack(0x0000000028d60000,0x0000000028e60000)]
  0x0000000026028800 JavaThread "jar transforms Thread 30" [_thread_blocked, id=94120, stack(0x0000000028c60000,0x0000000028d60000)]
  0x0000000026028000 JavaThread "jar transforms Thread 29" [_thread_blocked, id=143280, stack(0x0000000028b60000,0x0000000028c60000)]
  0x000000002602a000 JavaThread "jar transforms Thread 28" [_thread_blocked, id=150740, stack(0x0000000028a60000,0x0000000028b60000)]
  0x0000000026027000 JavaThread "jar transforms Thread 27" [_thread_blocked, id=155228, stack(0x0000000028960000,0x0000000028a60000)]
  0x000000001fe22000 JavaThread "jar transforms Thread 26" [_thread_blocked, id=136052, stack(0x0000000028860000,0x0000000028960000)]
  0x000000001fe21000 JavaThread "jar transforms Thread 25" [_thread_blocked, id=99680, stack(0x0000000028760000,0x0000000028860000)]
  0x000000001fe1f800 JavaThread "jar transforms Thread 24" [_thread_blocked, id=157792, stack(0x0000000028660000,0x0000000028760000)]
  0x000000001fe25000 JavaThread "jar transforms Thread 23" [_thread_blocked, id=140868, stack(0x0000000028560000,0x0000000028660000)]
  0x000000001fe23800 JavaThread "jar transforms Thread 22" [_thread_blocked, id=130980, stack(0x0000000028460000,0x0000000028560000)]
  0x000000001fe22800 JavaThread "jar transforms Thread 21" [_thread_blocked, id=57036, stack(0x0000000028360000,0x0000000028460000)]
  0x000000001fe1f000 JavaThread "Build operations Thread 12" [_thread_in_native, id=157832, stack(0x0000000028260000,0x0000000028360000)]
  0x000000001fe24000 JavaThread "Build operations Thread 11" [_thread_in_Java, id=155916, stack(0x0000000028160000,0x0000000028260000)]
  0x000000001fe20800 JavaThread "Build operations Thread 10" [_thread_blocked, id=157860, stack(0x0000000028060000,0x0000000028160000)]
  0x000000001fe17800 JavaThread "Build operations Thread 9" [_thread_in_Java, id=146708, stack(0x0000000027f60000,0x0000000028060000)]
  0x000000001fe1e000 JavaThread "Build operations Thread 8" [_thread_in_native, id=154180, stack(0x0000000027e60000,0x0000000027f60000)]
  0x000000001fe16800 JavaThread "Build operations Thread 7" [_thread_blocked, id=151608, stack(0x0000000027d60000,0x0000000027e60000)]
  0x000000001fe1d800 JavaThread "Build operations Thread 6" [_thread_in_Java, id=150392, stack(0x0000000027c60000,0x0000000027d60000)]
  0x000000001fe1c000 JavaThread "Build operations Thread 5" [_thread_in_native, id=142164, stack(0x0000000027b60000,0x0000000027c60000)]
  0x000000001fe16000 JavaThread "Build operations Thread 4" [_thread_in_native, id=154288, stack(0x0000000027a60000,0x0000000027b60000)]
  0x000000001fe1b000 JavaThread "Build operations Thread 3" [_thread_in_native, id=152072, stack(0x0000000027960000,0x0000000027a60000)]
  0x000000001fe1c800 JavaThread "Build operations Thread 2" [_thread_in_native, id=140024, stack(0x0000000027860000,0x0000000027960000)]
  0x000000001fe18000 JavaThread "Build operations" [_thread_in_Java, id=149228, stack(0x0000000026410000,0x0000000026510000)]
  0x000000001fe1a800 JavaThread "Cache worker for Build Output Cleanup Cache (D:\AndroidStudioProjects\DesafioYourDev\.gradle\buildOutputCleanup)" [_thread_blocked, id=150884, stack(0x0000000024f30000,0x0000000025030000)]
  0x000000002225e800 JavaThread "Cache worker for file content cache (C:\Users\pedro\.gradle\caches\6.5\fileContent)" [_thread_blocked, id=158964, stack(0x0000000024e30000,0x0000000024f30000)]
  0x000000002225d800 JavaThread "Cache worker for execution history cache (C:\Users\pedro\.gradle\caches\6.5\executionHistory)" [_thread_blocked, id=124984, stack(0x0000000024930000,0x0000000024a30000)]
  0x0000000022256000 JavaThread "Cache worker for cache directory md-rule (C:\Users\pedro\.gradle\caches\6.5\md-rule)" [_thread_blocked, id=148780, stack(0x0000000024630000,0x0000000024730000)]
  0x000000002225c000 JavaThread "Cache worker for cache directory md-supplier (C:\Users\pedro\.gradle\caches\6.5\md-supplier)" [_thread_blocked, id=147580, stack(0x0000000024530000,0x0000000024630000)]
  0x000000002225d000 JavaThread "Cache worker for checksums cache (D:\AndroidStudioProjects\DesafioYourDev\.gradle\checksums)" [_thread_blocked, id=151584, stack(0x0000000024430000,0x0000000024530000)]
  0x000000002225a800 JavaThread "jar transforms Thread 20" [_thread_blocked, id=153876, stack(0x0000000024130000,0x0000000024230000)]
  0x000000002225a000 JavaThread "jar transforms Thread 19" [_thread_blocked, id=143664, stack(0x0000000024030000,0x0000000024130000)]
  0x000000002225b800 JavaThread "jar transforms Thread 18" [_thread_blocked, id=128424, stack(0x0000000023f30000,0x0000000024030000)]
  0x0000000022252000 JavaThread "jar transforms Thread 17" [_thread_blocked, id=158500, stack(0x0000000023e30000,0x0000000023f30000)]
  0x0000000022259000 JavaThread "jar transforms Thread 16" [_thread_blocked, id=139792, stack(0x0000000023d30000,0x0000000023e30000)]
  0x0000000022258000 JavaThread "jar transforms Thread 15" [_thread_blocked, id=118408, stack(0x0000000023c30000,0x0000000023d30000)]
  0x0000000022255000 JavaThread "jar transforms Thread 14" [_thread_blocked, id=132720, stack(0x0000000023b30000,0x0000000023c30000)]
  0x0000000022253800 JavaThread "jar transforms Thread 13" [_thread_blocked, id=158404, stack(0x0000000023a30000,0x0000000023b30000)]
  0x0000000022250000 JavaThread "jar transforms Thread 12" [_thread_blocked, id=121584, stack(0x0000000023930000,0x0000000023a30000)]
  0x0000000022250800 JavaThread "jar transforms Thread 11" [_thread_blocked, id=147524, stack(0x0000000023830000,0x0000000023930000)]
  0x0000000022254800 JavaThread "jar transforms Thread 10" [_thread_blocked, id=151940, stack(0x0000000023730000,0x0000000023830000)]
  0x0000000022253000 JavaThread "jar transforms Thread 9" [_thread_blocked, id=133420, stack(0x0000000023630000,0x0000000023730000)]
  0x0000000022251800 JavaThread "jar transforms Thread 8" [_thread_blocked, id=155560, stack(0x0000000023530000,0x0000000023630000)]
  0x000000001d615800 JavaThread "jar transforms Thread 7" [_thread_blocked, id=159664, stack(0x0000000023430000,0x0000000023530000)]
  0x000000001d615000 JavaThread "jar transforms Thread 6" [_thread_blocked, id=155920, stack(0x0000000023330000,0x0000000023430000)]
  0x000000001d61b800 JavaThread "jar transforms Thread 5" [_thread_blocked, id=122012, stack(0x0000000023230000,0x0000000023330000)]
  0x000000001d61b000 JavaThread "jar transforms Thread 4" [_thread_blocked, id=156788, stack(0x0000000021dd0000,0x0000000021ed0000)]
  0x000000001d61a000 JavaThread "jar transforms Thread 3" [_thread_blocked, id=152608, stack(0x0000000021cd0000,0x0000000021dd0000)]
  0x000000001d617000 JavaThread "jar transforms Thread 2" [_thread_blocked, id=141488, stack(0x0000000021bd0000,0x0000000021cd0000)]
  0x000000001d619800 JavaThread "jar transforms" [_thread_blocked, id=133340, stack(0x0000000021ad0000,0x0000000021bd0000)]
  0x000000001d618800 JavaThread "Cache worker for file hash cache (D:\AndroidStudioProjects\DesafioYourDev\.gradle\6.5\fileHashes)" [_thread_blocked, id=139656, stack(0x0000000023130000,0x0000000023230000)]
  0x000000001d618000 JavaThread "Cache worker for file hash cache (C:\Users\pedro\.gradle\caches\6.5\fileHashes)" [_thread_blocked, id=158848, stack(0x000000001f830000,0x000000001f930000)]
  0x000000001d616800 JavaThread "File lock request listener" [_thread_in_native, id=158292, stack(0x000000001f730000,0x000000001f830000)]
  0x000000001d614000 JavaThread "Cache worker for journal cache (C:\Users\pedro\.gradle\caches\journal-1)" [_thread_blocked, id=149896, stack(0x000000001f630000,0x000000001f730000)]
  0x000000001d337000 JavaThread "Thread-9" [_thread_blocked, id=149032, stack(0x000000001f330000,0x000000001f430000)]
  0x000000001d323000 JavaThread "Stdin handler" [_thread_blocked, id=151796, stack(0x000000001f230000,0x000000001f330000)]
  0x000000001d321000 JavaThread "Asynchronous log dispatcher for DefaultDaemonConnection: socket connection from /127.0.0.1:61247 to /127.0.0.1:61248" [_thread_blocked, id=143560, stack(0x000000001f130000,0x000000001f230000)]
  0x000000001d320000 JavaThread "Daemon worker" [_thread_blocked, id=145196, stack(0x000000001f030000,0x000000001f130000)]
  0x000000001d356000 JavaThread "Cancel handler" [_thread_blocked, id=157944, stack(0x000000001ef30000,0x000000001f030000)]
  0x000000001d313800 JavaThread "Handler for socket connection from /127.0.0.1:61247 to /127.0.0.1:61248" [_thread_in_native, id=159128, stack(0x000000001ee30000,0x000000001ef30000)]
  0x000000001d308800 JavaThread "Daemon" [_thread_blocked, id=155104, stack(0x000000001ec30000,0x000000001ed30000)]
  0x000000001d29c000 JavaThread "Daemon periodic checks" [_thread_blocked, id=135060, stack(0x000000001e930000,0x000000001ea30000)]
  0x000000001d288000 JavaThread "Incoming local TCP Connector on port 61247" [_thread_in_native, id=153888, stack(0x000000001e6d0000,0x000000001e7d0000)]
  0x000000001d1a0000 JavaThread "Daemon health stats" [_thread_blocked, id=158312, stack(0x000000001e090000,0x000000001e190000)]
  0x0000000019b2f800 JavaThread "Service Thread" daemon [_thread_blocked, id=140136, stack(0x000000001b4f0000,0x000000001b5f0000)]
  0x0000000019aa4000 JavaThread "C1 CompilerThread3" daemon [_thread_in_native, id=72412, stack(0x000000001b3f0000,0x000000001b4f0000)]
  0x0000000019aa2800 JavaThread "C2 CompilerThread2" daemon [_thread_in_native, id=153596, stack(0x000000001b2f0000,0x000000001b3f0000)]
=>0x0000000019a9d000 JavaThread "C2 CompilerThread1" daemon [_thread_in_native, id=157892, stack(0x000000001b1f0000,0x000000001b2f0000)]
  0x0000000019a95000 JavaThread "C2 CompilerThread0" daemon [_thread_in_native, id=142608, stack(0x000000001b0f0000,0x000000001b1f0000)]
  0x0000000019a93000 JavaThread "Attach Listener" daemon [_thread_blocked, id=157628, stack(0x000000001aff0000,0x000000001b0f0000)]
  0x0000000019a91000 JavaThread "Signal Dispatcher" daemon [_thread_blocked, id=149556, stack(0x000000001aef0000,0x000000001aff0000)]
  0x00000000183b2800 JavaThread "Finalizer" daemon [_thread_blocked, id=153472, stack(0x000000001ace0000,0x000000001ade0000)]
  0x0000000019a83000 JavaThread "Reference Handler" daemon [_thread_blocked, id=144604, stack(0x000000001abe0000,0x000000001ace0000)]
  0x000000000303e800 JavaThread "main" [_thread_blocked, id=135156, stack(0x0000000002e80000,0x0000000002f80000)]

Other Threads:
  0x00000000183a5800 VMThread [stack: 0x000000001aae0000,0x000000001abe0000] [id=143604]
  0x0000000019b31800 WatcherThread [stack: 0x000000001b5f0000,0x000000001b6f0000] [id=157232]

VM state:not at safepoint (normal execution)

VM Mutex/Monitor currently owned by a thread: None

heap address: 0x0000000080000000, size: 2048 MB, Compressed Oops mode: 32-bit
Narrow klass base: 0x0000000000000000, Narrow klass shift: 3
Compressed class space size: 1073741824 Address: 0x0000000100000000

Heap:
 PSYoungGen      total 291328K, used 154225K [0x00000000d5580000, 0x00000000eb180000, 0x0000000100000000)
  eden space 267264K, 48% used [0x00000000d5580000,0x00000000dd4c5c90,0x00000000e5a80000)
  from space 24064K, 99% used [0x00000000e5a80000,0x00000000e71ff6b0,0x00000000e7200000)
  to   space 31744K, 0% used [0x00000000e9280000,0x00000000e9280000,0x00000000eb180000)
 ParOldGen       total 208896K, used 53049K [0x0000000080000000, 0x000000008cc00000, 0x00000000d5580000)
  object space 208896K, 25% used [0x0000000080000000,0x00000000833ce458,0x000000008cc00000)
 Metaspace       used 80863K, capacity 85188K, committed 85336K, reserved 1122304K
  class space    used 10787K, capacity 11583K, committed 11648K, reserved 1048576K

Card table byte_map: [0x0000000012500000,0x0000000012910000] byte_map_base: 0x0000000012100000

Marking Bits: (ParMarkBitMap*) 0x000000006a6af030
 Begin Bits: [0x00000000135c0000, 0x00000000155c0000)
 End Bits:   [0x00000000155c0000, 0x00000000175c0000)

Polling page: 0x0000000001590000

CodeCache: size=245760Kb used=29169Kb max_used=29169Kb free=216590Kb
 bounds [0x0000000003140000, 0x0000000004de0000, 0x0000000012140000]
 total_blobs=9661 nmethods=8792 adapters=781
 compilation: enabled

Compilation events (10 events):
Event: 27.648 Thread 0x0000000019aa4000 10368       2       com.android.tools.build.jetifier.processor.transform.bytecode.asm.CustomRemapper::mapValue (256 bytes)
Event: 27.649 Thread 0x0000000019aa4000 nmethod 10368 0x0000000004dd1610 code [0x0000000004dd18c0, 0x0000000004dd2428]
Event: 27.650 Thread 0x0000000019aa4000 10369       2       kotlin.text.StringsKt__StringsKt::removeSuffix (65 bytes)
Event: 27.650 Thread 0x0000000019aa4000 nmethod 10369 0x0000000004dd2dd0 code [0x0000000004dd2f80, 0x0000000004dd3218]
Event: 27.650 Thread 0x0000000019aa4000 10370       2       kotlin.text.StringsKt__StringsKt::endsWith$default (15 bytes)
Event: 27.650 Thread 0x0000000019aa4000 nmethod 10370 0x0000000004dd3410 code [0x0000000004dd3560, 0x0000000004dd36c8]
Event: 27.650 Thread 0x0000000019aa4000 10371       2       kotlin.text.StringsKt__StringsKt::endsWith (74 bytes)
Event: 27.651 Thread 0x0000000019aa4000 nmethod 10371 0x0000000004dd3790 code [0x0000000004dd3940, 0x0000000004dd3ce8]
Event: 27.651 Thread 0x0000000019aa4000 10372       1       sun.nio.fs.WindowsPath::getPathForPermissionCheck (5 bytes)
Event: 27.651 Thread 0x0000000019aa4000 nmethod 10372 0x0000000004dd3ed0 code [0x0000000004dd4020, 0x0000000004dd4130]

GC Heap History (10 events):
Event: 7.670 GC heap before
{Heap before GC invocations=12 (full 2):
 PSYoungGen      total 201728K, used 200507K [0x00000000d5580000, 0x00000000e4a80000, 0x0000000100000000)
  eden space 187904K, 100% used [0x00000000d5580000,0x00000000e0d00000,0x00000000e0d00000)
  from space 13824K, 91% used [0x00000000e0d00000,0x00000000e194ecb0,0x00000000e1a80000)
  to   space 14848K, 0% used [0x00000000e3c00000,0x00000000e3c00000,0x00000000e4a80000)
 ParOldGen       total 130560K, used 13892K [0x0000000080000000, 0x0000000087f80000, 0x00000000d5580000)
  object space 130560K, 10% used [0x0000000080000000,0x0000000080d913e8,0x0000000087f80000)
 Metaspace       used 42255K, capacity 44292K, committed 44544K, reserved 1087488K
  class space    used 5671K, capacity 6045K, committed 6144K, reserved 1048576K
Event: 7.676 GC heap after
Heap after GC invocations=12 (full 2):
 PSYoungGen      total 236544K, used 9248K [0x00000000d5580000, 0x00000000e5980000, 0x0000000100000000)
  eden space 221696K, 0% used [0x00000000d5580000,0x00000000d5580000,0x00000000e2e00000)
  from space 14848K, 62% used [0x00000000e3c00000,0x00000000e4508030,0x00000000e4a80000)
  to   space 14336K, 0% used [0x00000000e2e00000,0x00000000e2e00000,0x00000000e3c00000)
 ParOldGen       total 130560K, used 13900K [0x0000000080000000, 0x0000000087f80000, 0x00000000d5580000)
  object space 130560K, 10% used [0x0000000080000000,0x0000000080d933e8,0x0000000087f80000)
 Metaspace       used 42255K, capacity 44292K, committed 44544K, reserved 1087488K
  class space    used 5671K, capacity 6045K, committed 6144K, reserved 1048576K
}
Event: 10.883 GC heap before
{Heap before GC invocations=13 (full 2):
 PSYoungGen      total 236544K, used 162233K [0x00000000d5580000, 0x00000000e5980000, 0x0000000100000000)
  eden space 221696K, 69% used [0x00000000d5580000,0x00000000deae6598,0x00000000e2e00000)
  from space 14848K, 62% used [0x00000000e3c00000,0x00000000e4508030,0x00000000e4a80000)
  to   space 14336K, 0% used [0x00000000e2e00000,0x00000000e2e00000,0x00000000e3c00000)
 ParOldGen       total 130560K, used 13900K [0x0000000080000000, 0x0000000087f80000, 0x00000000d5580000)
  object space 130560K, 10% used [0x0000000080000000,0x0000000080d933e8,0x0000000087f80000)
 Metaspace       used 56455K, capacity 58982K, committed 59096K, reserved 1099776K
  class space    used 7372K, capacity 7886K, committed 7936K, reserved 1048576K
Event: 10.897 GC heap after
Heap after GC invocations=13 (full 2):
 PSYoungGen      total 236032K, used 14316K [0x00000000d5580000, 0x00000000e8980000, 0x0000000100000000)
  eden space 221696K, 0% used [0x00000000d5580000,0x00000000d5580000,0x00000000e2e00000)
  from space 14336K, 99% used [0x00000000e2e00000,0x00000000e3bfb300,0x00000000e3c00000)
  to   space 20480K, 0% used [0x00000000e7580000,0x00000000e7580000,0x00000000e8980000)
 ParOldGen       total 130560K, used 25924K [0x0000000080000000, 0x0000000087f80000, 0x00000000d5580000)
  object space 130560K, 19% used [0x0000000080000000,0x0000000081951088,0x0000000087f80000)
 Metaspace       used 56455K, capacity 58982K, committed 59096K, reserved 1099776K
  class space    used 7372K, capacity 7886K, committed 7936K, reserved 1048576K
}
Event: 10.898 GC heap before
{Heap before GC invocations=14 (full 3):
 PSYoungGen      total 236032K, used 14316K [0x00000000d5580000, 0x00000000e8980000, 0x0000000100000000)
  eden space 221696K, 0% used [0x00000000d5580000,0x00000000d5580000,0x00000000e2e00000)
  from space 14336K, 99% used [0x00000000e2e00000,0x00000000e3bfb300,0x00000000e3c00000)
  to   space 20480K, 0% used [0x00000000e7580000,0x00000000e7580000,0x00000000e8980000)
 ParOldGen       total 130560K, used 25924K [0x0000000080000000, 0x0000000087f80000, 0x00000000d5580000)
  object space 130560K, 19% used [0x0000000080000000,0x0000000081951088,0x0000000087f80000)
 Metaspace       used 56455K, capacity 58982K, committed 59096K, reserved 1099776K
  class space    used 7372K, capacity 7886K, committed 7936K, reserved 1048576K
Event: 11.263 GC heap after
Heap after GC invocations=14 (full 3):
 PSYoungGen      total 236032K, used 0K [0x00000000d5580000, 0x00000000e8980000, 0x0000000100000000)
  eden space 221696K, 0% used [0x00000000d5580000,0x00000000d5580000,0x00000000e2e00000)
  from space 14336K, 0% used [0x00000000e2e00000,0x00000000e2e00000,0x00000000e3c00000)
  to   space 20480K, 0% used [0x00000000e7580000,0x00000000e7580000,0x00000000e8980000)
 ParOldGen       total 208896K, used 38036K [0x0000000080000000, 0x000000008cc00000, 0x00000000d5580000)
  object space 208896K, 18% used [0x0000000080000000,0x00000000825253d0,0x000000008cc00000)
 Metaspace       used 56273K, capacity 58510K, committed 59096K, reserved 1099776K
  class space    used 7321K, capacity 7785K, committed 7936K, reserved 1048576K
}
Event: 15.618 GC heap before
{Heap before GC invocations=15 (full 3):
 PSYoungGen      total 236032K, used 221696K [0x00000000d5580000, 0x00000000e8980000, 0x0000000100000000)
  eden space 221696K, 100% used [0x00000000d5580000,0x00000000e2e00000,0x00000000e2e00000)
  from space 14336K, 0% used [0x00000000e2e00000,0x00000000e2e00000,0x00000000e3c00000)
  to   space 20480K, 0% used [0x00000000e7580000,0x00000000e7580000,0x00000000e8980000)
 ParOldGen       total 208896K, used 38036K [0x0000000080000000, 0x000000008cc00000, 0x00000000d5580000)
  object space 208896K, 18% used [0x0000000080000000,0x00000000825253d0,0x000000008cc00000)
 Metaspace       used 69761K, capacity 72624K, committed 72920K, reserved 1112064K
  class space    used 9334K, capacity 9922K, committed 9984K, reserved 1048576K
Event: 15.657 GC heap after
Heap after GC invocations=15 (full 3):
 PSYoungGen      total 278016K, used 20463K [0x00000000d5580000, 0x00000000e8980000, 0x0000000100000000)
  eden space 257536K, 0% used [0x00000000d5580000,0x00000000d5580000,0x00000000e5100000)
  from space 20480K, 99% used [0x00000000e7580000,0x00000000e897bcc0,0x00000000e8980000)
  to   space 24064K, 0% used [0x00000000e5a80000,0x00000000e5a80000,0x00000000e7200000)
 ParOldGen       total 208896K, used 40282K [0x0000000080000000, 0x000000008cc00000, 0x00000000d5580000)
  object space 208896K, 19% used [0x0000000080000000,0x0000000082756928,0x000000008cc00000)
 Metaspace       used 69761K, capacity 72624K, committed 72920K, reserved 1112064K
  class space    used 9334K, capacity 9922K, committed 9984K, reserved 1048576K
}
Event: 27.426 GC heap before
{Heap before GC invocations=16 (full 3):
 PSYoungGen      total 278016K, used 277999K [0x00000000d5580000, 0x00000000e8980000, 0x0000000100000000)
  eden space 257536K, 100% used [0x00000000d5580000,0x00000000e5100000,0x00000000e5100000)
  from space 20480K, 99% used [0x00000000e7580000,0x00000000e897bcc0,0x00000000e8980000)
  to   space 24064K, 0% used [0x00000000e5a80000,0x00000000e5a80000,0x00000000e7200000)
 ParOldGen       total 208896K, used 40282K [0x0000000080000000, 0x000000008cc00000, 0x00000000d5580000)
  object space 208896K, 19% used [0x0000000080000000,0x0000000082756928,0x000000008cc00000)
 Metaspace       used 80673K, capacity 84938K, committed 85080K, reserved 1122304K
  class space    used 10784K, capacity 11548K, committed 11648K, reserved 1048576K
Event: 27.451 GC heap after
Heap after GC invocations=16 (full 3):
 PSYoungGen      total 291328K, used 24061K [0x00000000d5580000, 0x00000000eb180000, 0x0000000100000000)
  eden space 267264K, 0% used [0x00000000d5580000,0x00000000d5580000,0x00000000e5a80000)
  from space 24064K, 99% used [0x00000000e5a80000,0x00000000e71ff6b0,0x00000000e7200000)
  to   space 31744K, 0% used [0x00000000e9280000,0x00000000e9280000,0x00000000eb180000)
 ParOldGen       total 208896K, used 53049K [0x0000000080000000, 0x000000008cc00000, 0x00000000d5580000)
  object space 208896K, 25% used [0x0000000080000000,0x00000000833ce458,0x000000008cc00000)
 Metaspace       used 80673K, capacity 84938K, committed 85080K, reserved 1122304K
  class space    used 10784K, capacity 11548K, committed 11648K, reserved 1048576K
}

Deoptimization events (10 events):
Event: 27.253 Thread 0x000000001fe16800 Uncommon trap: reason=bimorphic action=maybe_recompile pc=0x0000000004aeb990 method=com.android.ide.common.symbols.SymbolTable$getSymbolByResourceType$$inlined$compareBy$1.compare(Ljava/lang/Object;Ljava/lang/Object;)I @ 13
Event: 27.253 Thread 0x000000001fe16800 Uncommon trap: reason=bimorphic action=maybe_recompile pc=0x0000000004aeb990 method=com.android.ide.common.symbols.SymbolTable$getSymbolByResourceType$$inlined$compareBy$1.compare(Ljava/lang/Object;Ljava/lang/Object;)I @ 13
Event: 27.393 Thread 0x000000001fe24000 Uncommon trap: reason=unstable_if action=reinterpret pc=0x0000000004c8dc20 method=org.objectweb.asm.ClassReader.readUtf(II[C)Ljava/lang/String; @ 41
Event: 27.393 Thread 0x000000001fe24000 Uncommon trap: reason=unstable_if action=reinterpret pc=0x0000000004c5e1d8 method=org.objectweb.asm.ByteVector.putUTF8(Ljava/lang/String;)Lorg/objectweb/asm/ByteVector; @ 93
Event: 27.394 Thread 0x000000001fe24000 Uncommon trap: reason=unstable_if action=reinterpret pc=0x0000000003fd184c method=org.objectweb.asm.ByteVector.putUTF8(Ljava/lang/String;)Lorg/objectweb/asm/ByteVector; @ 93
Event: 27.425 Thread 0x000000001fe1d800 Uncommon trap: reason=unstable_if action=reinterpret pc=0x00000000038401a4 method=java.util.concurrent.ConcurrentHashMap.addCount(JI)V @ 97
Event: 27.458 Thread 0x000000002225d800 Uncommon trap: reason=bimorphic action=maybe_recompile pc=0x000000000373dc9c method=java.io.DataOutputStream.writeShort(I)V @ 12
Event: 27.527 Thread 0x000000001fe24000 Uncommon trap: reason=unstable_if action=reinterpret pc=0x0000000004d4fb94 method=org.objectweb.asm.SymbolTable.addConstantUtf8(Ljava/lang/String;)I @ 40
Event: 27.528 Thread 0x000000001fe24000 Uncommon trap: reason=unstable_if action=reinterpret pc=0x0000000004d33fe0 method=org.objectweb.asm.ClassReader.readUtf(II[C)Ljava/lang/String; @ 69
Event: 27.528 Thread 0x000000001fe24000 Uncommon trap: reason=unstable_if action=reinterpret pc=0x000000000417e7a4 method=org.objectweb.asm.ByteVector.putUTF8(Ljava/lang/String;)Lorg/objectweb/asm/ByteVector; @ 100

Classes redefined (0 events):
No events

Internal exceptions (10 events):
Event: 27.522 Thread 0x000000001fe1c800 Exception <a 'sun/nio/fs/WindowsException'> (0x00000000d68e7300) thrown at [C:\src\AOSP-openjdk-git\hotspot\src\share\vm\prims\jni.cpp, line 710]
Event: 27.523 Thread 0x000000001fe20800 Exception <a 'sun/nio/fs/WindowsException'> (0x00000000d6d496e8) thrown at [C:\src\AOSP-openjdk-git\hotspot\src\share\vm\prims\jni.cpp, line 710]
Event: 27.532 Thread 0x000000001fe1f000 Exception <a 'sun/nio/fs/WindowsException'> (0x00000000d7928c58) thrown at [C:\src\AOSP-openjdk-git\hotspot\src\share\vm\prims\jni.cpp, line 710]
Event: 27.533 Thread 0x000000001fe17800 Exception <a 'sun/nio/fs/WindowsException'> (0x00000000d7ecd0f0) thrown at [C:\src\AOSP-openjdk-git\hotspot\src\share\vm\prims\jni.cpp, line 710]
Event: 27.536 Thread 0x000000001fe16800 Exception <a 'sun/nio/fs/WindowsException'> (0x00000000d80e9e08) thrown at [C:\src\AOSP-openjdk-git\hotspot\src\share\vm\prims\jni.cpp, line 710]
Event: 27.557 Thread 0x000000001fe20800 Exception <a 'sun/nio/fs/WindowsException'> (0x00000000d8e45da8) thrown at [C:\src\AOSP-openjdk-git\hotspot\src\share\vm\prims\jni.cpp, line 710]
Event: 27.567 Thread 0x000000001fe20800 Exception <a 'sun/nio/fs/WindowsException'> (0x00000000d8e66950) thrown at [C:\src\AOSP-openjdk-git\hotspot\src\share\vm\prims\jni.cpp, line 710]
Event: 27.593 Thread 0x000000001fe1f000 Exception <a 'sun/nio/fs/WindowsException'> (0x00000000da01b9d0) thrown at [C:\src\AOSP-openjdk-git\hotspot\src\share\vm\prims\jni.cpp, line 710]
Event: 27.599 Thread 0x000000001fe1c800 Exception <a 'sun/nio/fs/WindowsException'> (0x00000000da1b3ba8) thrown at [C:\src\AOSP-openjdk-git\hotspot\src\share\vm\prims\jni.cpp, line 710]
Event: 27.647 Thread 0x000000001fe17800 Exception <a 'sun/nio/fs/WindowsException'> (0x00000000dc8dd058) thrown at [C:\src\AOSP-openjdk-git\hotspot\src\share\vm\prims\jni.cpp, line 710]

Events (10 events):
Event: 27.646 Thread 0x000000001fe17800 DEOPT PACKING pc=0x0000000004d4e925 sp=0x000000002805b100
Event: 27.646 Thread 0x000000001fe17800 DEOPT UNPACKING pc=0x00000000031875d0 sp=0x000000002805adf8 mode 0
Event: 27.647 Thread 0x000000001fe1d800 DEOPT PACKING pc=0x0000000004d4e925 sp=0x0000000027d5b6f0
Event: 27.647 Thread 0x000000001fe1d800 DEOPT UNPACKING pc=0x00000000031875d0 sp=0x0000000027d5b3e8 mode 0
Event: 27.648 Thread 0x000000001fe18000 DEOPT PACKING pc=0x0000000004d4e925 sp=0x000000002650b330
Event: 27.648 Thread 0x000000001fe18000 DEOPT UNPACKING pc=0x00000000031875d0 sp=0x000000002650b028 mode 0
Event: 27.649 Thread 0x000000001fe1d800 DEOPT PACKING pc=0x0000000004d4e925 sp=0x0000000027d5b6f0
Event: 27.649 Thread 0x000000001fe1d800 DEOPT UNPACKING pc=0x00000000031875d0 sp=0x0000000027d5b3e8 mode 0
Event: 27.650 Thread 0x000000001fe24000 DEOPT PACKING pc=0x0000000004d4e925 sp=0x000000002825b660
Event: 27.650 Thread 0x000000001fe24000 DEOPT UNPACKING pc=0x00000000031875d0 sp=0x000000002825b358 mode 0


Dynamic libraries:
0x00007ff7205b0000 - 0x00007ff7205e1000 	C:\Program Files\Android\Android Studio\jre\bin\java.exe
0x00007ffffb270000 - 0x00007ffffb466000 	C:\WINDOWS\SYSTEM32\ntdll.dll
0x00007ffff93e0000 - 0x00007ffff949d000 	C:\WINDOWS\System32\KERNEL32.DLL
0x00007ffff8e60000 - 0x00007ffff9128000 	C:\WINDOWS\System32\KERNELBASE.dll
0x00007ffff9f90000 - 0x00007ffffa03a000 	C:\WINDOWS\System32\ADVAPI32.dll
0x00007ffff92e0000 - 0x00007ffff937e000 	C:\WINDOWS\System32\msvcrt.dll
0x00007ffffabe0000 - 0x00007ffffac7b000 	C:\WINDOWS\System32\sechost.dll
0x00007ffffa410000 - 0x00007ffffa534000 	C:\WINDOWS\System32\RPCRT4.dll
0x00007ffffa9d0000 - 0x00007ffffab70000 	C:\WINDOWS\System32\USER32.dll
0x00007ffff8e30000 - 0x00007ffff8e52000 	C:\WINDOWS\System32\win32u.dll
0x00007ffff93b0000 - 0x00007ffff93da000 	C:\WINDOWS\System32\GDI32.dll
0x00007ffff91d0000 - 0x00007ffff92d9000 	C:\WINDOWS\System32\gdi32full.dll
0x00007ffff9130000 - 0x00007ffff91cd000 	C:\WINDOWS\System32\msvcp_win.dll
0x00007ffff8c30000 - 0x00007ffff8d30000 	C:\WINDOWS\System32\ucrtbase.dll
0x00007fffeb580000 - 0x00007fffeb81b000 	C:\WINDOWS\WinSxS\amd64_microsoft.windows.common-controls_6595b64144ccf1df_6.0.19041.488_none_ca04af081b815d21\COMCTL32.dll
0x00007ffff9380000 - 0x00007ffff93b0000 	C:\WINDOWS\System32\IMM32.DLL
0x000000006aa70000 - 0x000000006ab42000 	C:\Program Files\Android\Android Studio\jre\jre\bin\msvcr100.dll
0x0000000069ee0000 - 0x000000006a72b000 	C:\Program Files\Android\Android Studio\jre\jre\bin\server\jvm.dll
0x00007ffffa8a0000 - 0x00007ffffa8a8000 	C:\WINDOWS\System32\PSAPI.DLL
0x00007ffff1650000 - 0x00007ffff165a000 	C:\WINDOWS\SYSTEM32\VERSION.dll
0x00007ffff4150000 - 0x00007ffff4159000 	C:\WINDOWS\SYSTEM32\WSOCK32.dll
0x00007fffeed80000 - 0x00007fffeeda7000 	C:\WINDOWS\SYSTEM32\WINMM.dll
0x00007ffffab70000 - 0x00007ffffabdb000 	C:\WINDOWS\System32\WS2_32.dll
0x00007ffff3ea0000 - 0x00007ffff3eaf000 	C:\Program Files\Android\Android Studio\jre\jre\bin\verify.dll
0x00007ffff12f0000 - 0x00007ffff1319000 	C:\Program Files\Android\Android Studio\jre\jre\bin\java.dll
0x00007fffe51a0000 - 0x00007fffe51b6000 	C:\Program Files\Android\Android Studio\jre\jre\bin\zip.dll
0x00007ffff97e0000 - 0x00007ffff9f20000 	C:\WINDOWS\System32\SHELL32.dll
0x00007ffff6af0000 - 0x00007ffff7284000 	C:\WINDOWS\SYSTEM32\windows.storage.dll
0x00007ffffa540000 - 0x00007ffffa895000 	C:\WINDOWS\System32\combase.dll
0x00007ffff8430000 - 0x00007ffff845c000 	C:\WINDOWS\SYSTEM32\Wldp.dll
0x00007ffffac80000 - 0x00007ffffad2e000 	C:\WINDOWS\System32\SHCORE.dll
0x00007ffff9f20000 - 0x00007ffff9f75000 	C:\WINDOWS\System32\shlwapi.dll
0x00007ffff88f0000 - 0x00007ffff8916000 	C:\WINDOWS\SYSTEM32\profapi.dll
0x00007fffe5180000 - 0x00007fffe519a000 	C:\Program Files\Android\Android Studio\jre\jre\bin\net.dll
0x00007ffff8140000 - 0x00007ffff81aa000 	C:\WINDOWS\system32\mswsock.dll
0x00007fffe5090000 - 0x00007fffe50a3000 	C:\Program Files\Android\Android Studio\jre\jre\bin\nio.dll
0x00007fffedc40000 - 0x00007fffedc67000 	C:\Users\pedro\.gradle\native\f6784746aeab05261644944871eae4fe03e0ef1612fff0a4a95f87b438bc6780\windows-amd64\native-platform.dll
0x00007ffff3e80000 - 0x00007ffff3e8d000 	C:\Program Files\Android\Android Studio\jre\jre\bin\management.dll
0x00007ffff8320000 - 0x00007ffff8338000 	C:\WINDOWS\SYSTEM32\CRYPTSP.dll
0x00007ffff7a70000 - 0x00007ffff7aa4000 	C:\WINDOWS\system32\rsaenh.dll
0x00007ffff8e00000 - 0x00007ffff8e27000 	C:\WINDOWS\System32\bcrypt.dll
0x00007ffff88b0000 - 0x00007ffff88de000 	C:\WINDOWS\SYSTEM32\USERENV.dll
0x00007ffff8d30000 - 0x00007ffff8daf000 	C:\WINDOWS\System32\bcryptprimitives.dll
0x00007ffff8310000 - 0x00007ffff831c000 	C:\WINDOWS\SYSTEM32\CRYPTBASE.dll
0x00007ffff7dd0000 - 0x00007ffff7e0b000 	C:\WINDOWS\SYSTEM32\IPHLPAPI.DLL
0x00007ffffb1a0000 - 0x00007ffffb1a9000 	C:\WINDOWS\System32\NSI.dll
0x00007fffeee00000 - 0x00007fffeee17000 	C:\WINDOWS\SYSTEM32\dhcpcsvc6.DLL
0x00007ffff07f0000 - 0x00007ffff080d000 	C:\WINDOWS\SYSTEM32\dhcpcsvc.DLL
0x00007ffff7e70000 - 0x00007ffff7f3b000 	C:\WINDOWS\SYSTEM32\DNSAPI.dll
0x00007ffff0810000 - 0x00007ffff081b000 	C:\WINDOWS\SYSTEM32\WINNSI.DLL
0x00007fffddaf0000 - 0x00007fffddb14000 	C:\Program Files\Android\Android Studio\jre\jre\bin\sunec.dll
0x00007fffeba50000 - 0x00007fffeba5a000 	C:\Windows\System32\rasadhlp.dll
0x00007fffecc00000 - 0x00007fffecc7f000 	C:\WINDOWS\System32\fwpuclnt.dll
0x00007ffff2d70000 - 0x00007ffff2d7b000 	C:\Program Files\Android\Android Studio\jre\jre\bin\sunmscapi.dll
0x00007ffff89c0000 - 0x00007ffff8b1d000 	C:\WINDOWS\System32\CRYPT32.dll
0x00007ffff7740000 - 0x00007ffff7773000 	C:\WINDOWS\SYSTEM32\ntmarta.dll

VM Arguments:
jvm_args: -Xmx2048m -Dfile.encoding=windows-1252 -Duser.country=BR -Duser.language=pt -Duser.variant 
java_command: org.gradle.launcher.daemon.bootstrap.GradleDaemon 6.5
java_class_path (initial): C:\Users\pedro\.gradle\wrapper\dists\gradle-6.5-bin\6nifqtx7604sqp1q6g8wikw7p\gradle-6.5\lib\gradle-launcher-6.5.jar
Launcher Type: SUN_STANDARD

Environment Variables:
JAVA_HOME=C:\Program Files\Java\jdk1.8.0_251
JRE_HOME=C:\Program Files\Java\jre1.8.0_251
PATH=C:\Program Files (x86)\Common Files\Oracle\Java\javapath;C:\Python27\;C:\Python27\Scripts;C:\Windows\system32;C:\Windows;C:\Windows\System32\Wbem;C:\Windows\System32\WindowsPowerShell\v1.0\;C:\Windows\System32\OpenSSH\;C:\Program Files (x86)\NVIDIA Corporation\PhysX\Common;C:\Program Files\NVIDIA Corporation\NVIDIA NvDLISR;C:\ProgramData\chocolatey\bin;C:\Users\pedro\AppData\Local\Android\Sdk\platform-tools;D:\Programs\nodejs\;D:\Programs\gradle-6.5\bin;C:\WINDOWS\system32;C:\WINDOWS;C:\WINDOWS\System32\Wbem;C:\WINDOWS\System32\WindowsPowerShell\v1.0\;C:\WINDOWS\System32\OpenSSH\;C:\Program Files\Git\cmd;C:\Users\pedro\AppData\Local\Microsoft\WindowsApps;C:\Users\pedro\AppData\Local\Programs\Microsoft VS Code\bin;D:\Programs\Flutter\flutter\bin;C:\Users\pedro\AppData\Roaming\npm;D:\Programs\xampp\php;C:\Users\pedro\AppData\Local\ComposerSetup\bin;C:\Users\pedro\AppData\Roaming\Composer\vendor\bin;
USERNAME=pedro
OS=Windows_NT
PROCESSOR_IDENTIFIER=Intel64 Family 6 Model 158 Stepping 10, GenuineIntel



---------------  S Y S T E M  ---------------

OS: Windows 10.0 , 64 bit Build 19041 (10.0.19041.546)

CPU:total 12 (initial active 12) (6 cores per cpu, 2 threads per core) family 6 model 158 stepping 10, cmov, cx8, fxsr, mmx, sse, sse2, sse3, ssse3, sse4.1, sse4.2, popcnt, avx, avx2, aes, clmul, erms, 3dnowpref, lzcnt, ht, tsc, tscinvbit, bmi1, bmi2, adx

Memory: 4k page, physical 16694516k(1108676k free), swap 32160368k(5468k free)

vm_info: OpenJDK 64-Bit Server VM (25.242-b01) for windows-amd64 JRE (1.8.0_242-release-1644-b01), built by "builder" with MS VC++ 10.0 (VS2010)

time: Fri Nov 13 17:16:24 2020
timezone: Hora oficial do Brasil
elapsed time: 27 seconds (0d 0h 0m 27s)

